<?xml version="1.0" encoding="UTF-8"?>
<!-- Generated by org.testng.reporters.JUnitReportReporter -->
<testsuite hostname="mehulpc" failures="0" tests="1" name="SeleniumJava.WebUiTesting.EcommWebsiteUiTest" time="0.012" errors="0" timestamp="2023-09-07T18:30:03 IST" skipped="0">
  <testcase classname="SeleniumJava.WebUiTesting.EcommWebsiteUiTest" name="product" time="0.012"/>
</testsuite> <!-- SeleniumJava.WebUiTesting.EcommWebsiteUiTest -->
