<?xml version="1.0" encoding="UTF-8"?>
<!-- Generated by org.testng.reporters.JUnitReportReporter -->
<testsuite hostname="mehulpc" failures="0" tests="1" name="SeleniumJava.WebUiTesting.LearnString" time="0.014" errors="0" timestamp="2023-09-08T16:55:38 IST" skipped="0">
  <testcase classname="SeleniumJava.WebUiTesting.LearnString" name="stringProgram" time="0.014"/>
</testsuite> <!-- SeleniumJava.WebUiTesting.LearnString -->
